\BOOKMARK [0][-]{chapter.1}{Abstract}{}% 1
\BOOKMARK [0][-]{chapter.2}{Acknowledgments}{}% 2
\BOOKMARK [0][-]{chapter.3}{Introduction}{}% 3
\BOOKMARK [0][-]{chapter.4}{Reviews\040of\040Existing\040Work}{}% 4
\BOOKMARK [0][-]{chapter.5}{Realization}{}% 5
\BOOKMARK [1][-]{section.5.1}{Exploration\040strategy}{chapter.5}% 6
\BOOKMARK [2][-]{subsection.5.1.1}{Image\040processing}{section.5.1}% 7
\BOOKMARK [2][-]{subsection.5.1.2}{3D\040map\040building}{section.5.1}% 8
\BOOKMARK [2][-]{subsection.5.1.3}{Navigation}{section.5.1}% 9
\BOOKMARK [0][-]{chapter.6}{Testing}{}% 10
\BOOKMARK [1][-]{section.6.1}{Image\040processing}{chapter.6}% 11
\BOOKMARK [1][-]{section.6.2}{3D\040map\040building}{chapter.6}% 12
\BOOKMARK [0][-]{chapter.7}{Conclusion,\040Limitation\040and\040Future\040work}{}% 13
\BOOKMARK [1][-]{section.7.1}{3D\040Object\040recognition}{chapter.7}% 14
\BOOKMARK [0][-]{chapter.8}{References}{}% 15
\BOOKMARK [0][-]{appendix.A}{List\040of\040components}{}% 16
\BOOKMARK [1][-]{section.A.1}{Thymio\040II}{appendix.A}% 17
\BOOKMARK [1][-]{section.A.2}{Raspberry-Pi}{appendix.A}% 18
\BOOKMARK [1][-]{section.A.3}{Raspberry-Pi\040Camera}{appendix.A}% 19
\BOOKMARK [1][-]{section.A.4}{Power-bank}{appendix.A}% 20
\BOOKMARK [0][-]{appendix.B}{Beginning\040of\040eventual\040future\040work}{}% 21
\BOOKMARK [1][-]{section.B.1}{3D\040Object\040recognition}{appendix.B}% 22
